2020-11-24 12:33:21,661 [Worker-0: Loading available Gradle versions] INFO  o.e.b.c.i.u.g.PublishedGradleVersions - Gradle version information cache is up-to-date. Trying to read.
2020-11-24 12:34:22,410 [ModalContext] INFO  o.e.m.c.i.e.AbstractTransferListenerAdapter - Downloading https://repo1.maven.org/maven2/com/haoxuer/maven/archetype/maven-archetype-webapp/1.01/maven-archetype-webapp-1.01.jar
2020-11-24 12:34:26,282 [ModalContext] INFO  o.e.m.c.i.e.AbstractTransferListenerAdapter - Downloaded https://repo1.maven.org/maven2/com/haoxuer/maven/archetype/maven-archetype-webapp/1.01/maven-archetype-webapp-1.01.jar
2020-11-24 12:34:26,338 [ModalContext] INFO  o.e.m.c.i.e.AbstractTransferListenerAdapter - Downloading https://repo1.maven.org/maven2/com/haoxuer/maven/archetype/maven-archetype-webapp/1.01/maven-archetype-webapp-1.01.pom
2020-11-24 12:34:26,487 [ModalContext] INFO  o.e.m.c.i.e.AbstractTransferListenerAdapter - Downloaded https://repo1.maven.org/maven2/com/haoxuer/maven/archetype/maven-archetype-webapp/1.01/maven-archetype-webapp-1.01.pom
2020-11-24 12:35:45,813 [Worker-6: Creating maven-archetype-webapp] INFO  o.e.m.c.i.p.ProjectConfigurationManager - Collecting project info '/pom.xml' C:\Users\usuario\Desktop\2º DAW Miguel\DWES\ToolSuiteProjects\PracticaGuiada\pom.xml
2020-11-24 12:35:48,171 [Worker-6: Creating maven-archetype-webapp] INFO  o.e.m.c.i.l.LifecycleMappingFactory - Using org.maven.ide.eclipse.wtp.WarLifecycleMapping lifecycle mapping for MavenProject: Guiada:PracticaGuiada:1.0 @ C:\Users\usuario\Desktop\2º DAW Miguel\DWES\ToolSuiteProjects\PracticaGuiada\pom.xml.
2020-11-24 12:35:50,143 [Worker-6: Creating maven-archetype-webapp] INFO  o.e.m.j.i.AbstractJavaProjectConfigurator - Adding source folder /PracticaGuiada/src/main/java
2020-11-24 12:35:50,144 [Worker-6: Creating maven-archetype-webapp] INFO  o.e.m.j.i.AbstractJavaProjectConfigurator - Adding source folder /PracticaGuiada/src/test/java
2020-11-24 12:35:54,078 [Worker-6: Creating maven-archetype-webapp] INFO  o.e.m.c.i.p.ProjectConfigurationManager - Imported and configured 1 project(s) in 8 sec
2020-11-24 12:35:56,210 [Worker-5: Building] INFO  o.e.m.c.i.embedder.EclipseLogger - Using 'UTF-8' encoding to copy filtered resources.
2020-11-24 12:35:56,210 [Worker-5: Building] INFO  o.e.m.c.i.embedder.EclipseLogger - skip non existing resourceDirectory C:\Users\usuario\Desktop\2º DAW Miguel\DWES\ToolSuiteProjects\PracticaGuiada\src\main\resources
2020-11-24 12:35:56,213 [Worker-5: Building] INFO  o.e.m.c.i.embedder.EclipseLogger - Using 'UTF-8' encoding to copy filtered resources.
2020-11-24 12:35:56,213 [Worker-5: Building] INFO  o.e.m.c.i.embedder.EclipseLogger - skip non existing resourceDirectory C:\Users\usuario\Desktop\2º DAW Miguel\DWES\ToolSuiteProjects\PracticaGuiada\src\test\resources
2020-11-24 12:36:44,047 [Worker-7: Building] INFO  o.e.m.c.i.embedder.EclipseLogger - Using 'UTF-8' encoding to copy filtered resources.
2020-11-24 12:36:44,047 [Worker-7: Building] INFO  o.e.m.c.i.embedder.EclipseLogger - skip non existing resourceDirectory C:\Users\usuario\Desktop\2º DAW Miguel\DWES\ToolSuiteProjects\PracticaGuiada\src\main\resources
2020-11-24 12:36:44,049 [Worker-7: Building] INFO  o.e.m.c.i.embedder.EclipseLogger - Using 'UTF-8' encoding to copy filtered resources.
2020-11-24 12:36:44,049 [Worker-7: Building] INFO  o.e.m.c.i.embedder.EclipseLogger - skip non existing resourceDirectory C:\Users\usuario\Desktop\2º DAW Miguel\DWES\ToolSuiteProjects\PracticaGuiada\src\test\resources
2020-11-24 12:36:55,339 [Worker-9: Building] INFO  o.e.m.c.i.embedder.EclipseLogger - Using 'UTF-8' encoding to copy filtered resources.
2020-11-24 12:36:55,339 [Worker-9: Building] INFO  o.e.m.c.i.embedder.EclipseLogger - skip non existing resourceDirectory C:\Users\usuario\Desktop\2º DAW Miguel\DWES\ToolSuiteProjects\PracticaGuiada\src\main\resources
2020-11-24 12:36:55,341 [Worker-9: Building] INFO  o.e.m.c.i.embedder.EclipseLogger - Using 'UTF-8' encoding to copy filtered resources.
2020-11-24 12:36:55,341 [Worker-9: Building] INFO  o.e.m.c.i.embedder.EclipseLogger - skip non existing resourceDirectory C:\Users\usuario\Desktop\2º DAW Miguel\DWES\ToolSuiteProjects\PracticaGuiada\src\test\resources
2020-11-24 12:38:07,630 [Worker-7: Building Project PracticaGuiada] INFO  o.e.m.c.i.embedder.EclipseLogger - Using 'UTF-8' encoding to copy filtered resources.
2020-11-24 12:38:07,630 [Worker-7: Building Project PracticaGuiada] INFO  o.e.m.c.i.embedder.EclipseLogger - skip non existing resourceDirectory C:\Users\usuario\Desktop\2º DAW Miguel\DWES\ToolSuiteProjects\PracticaGuiada\src\main\resources
2020-11-24 12:38:07,632 [Worker-7: Building Project PracticaGuiada] INFO  o.e.m.c.i.embedder.EclipseLogger - Using 'UTF-8' encoding to copy filtered resources.
2020-11-24 12:38:07,632 [Worker-7: Building Project PracticaGuiada] INFO  o.e.m.c.i.embedder.EclipseLogger - skip non existing resourceDirectory C:\Users\usuario\Desktop\2º DAW Miguel\DWES\ToolSuiteProjects\PracticaGuiada\src\test\resources
2020-11-24 12:38:27,447 [Worker-9: Building] INFO  o.e.m.c.i.embedder.EclipseLogger - Using 'UTF-8' encoding to copy filtered resources.
2020-11-24 12:38:27,447 [Worker-9: Building] INFO  o.e.m.c.i.embedder.EclipseLogger - skip non existing resourceDirectory C:\Users\usuario\Desktop\2º DAW Miguel\DWES\ToolSuiteProjects\PracticaGuiada\src\main\resources
2020-11-24 12:38:27,452 [Worker-9: Building] INFO  o.e.m.c.i.embedder.EclipseLogger - Using 'UTF-8' encoding to copy filtered resources.
2020-11-24 12:38:27,454 [Worker-9: Building] INFO  o.e.m.c.i.embedder.EclipseLogger - skip non existing resourceDirectory C:\Users\usuario\Desktop\2º DAW Miguel\DWES\ToolSuiteProjects\PracticaGuiada\src\test\resources
2020-11-24 12:38:28,477 [Worker-11: Building] INFO  o.e.m.c.i.embedder.EclipseLogger - Using 'UTF-8' encoding to copy filtered resources.
2020-11-24 12:38:28,478 [Worker-11: Building] INFO  o.e.m.c.i.embedder.EclipseLogger - skip non existing resourceDirectory C:\Users\usuario\Desktop\2º DAW Miguel\DWES\ToolSuiteProjects\PracticaGuiada\src\main\resources
2020-11-24 12:38:28,480 [Worker-11: Building] INFO  o.e.m.c.i.embedder.EclipseLogger - Using 'UTF-8' encoding to copy filtered resources.
2020-11-24 12:38:28,480 [Worker-11: Building] INFO  o.e.m.c.i.embedder.EclipseLogger - skip non existing resourceDirectory C:\Users\usuario\Desktop\2º DAW Miguel\DWES\ToolSuiteProjects\PracticaGuiada\src\test\resources
2020-11-24 12:39:39,532 [Worker-9: Building] INFO  o.e.m.c.i.embedder.EclipseLogger - Using 'UTF-8' encoding to copy filtered resources.
2020-11-24 12:39:39,533 [Worker-9: Building] INFO  o.e.m.c.i.embedder.EclipseLogger - skip non existing resourceDirectory C:\Users\usuario\Desktop\2º DAW Miguel\DWES\ToolSuiteProjects\PracticaGuiada\src\main\resources
2020-11-24 12:39:39,535 [Worker-9: Building] INFO  o.e.m.c.i.embedder.EclipseLogger - Using 'UTF-8' encoding to copy filtered resources.
2020-11-24 12:39:39,535 [Worker-9: Building] INFO  o.e.m.c.i.embedder.EclipseLogger - skip non existing resourceDirectory C:\Users\usuario\Desktop\2º DAW Miguel\DWES\ToolSuiteProjects\PracticaGuiada\src\test\resources
2020-11-24 12:40:06,324 [Worker-18: Building] INFO  o.e.m.c.i.embedder.EclipseLogger - Using 'UTF-8' encoding to copy filtered resources.
2020-11-24 12:40:06,324 [Worker-18: Building] INFO  o.e.m.c.i.embedder.EclipseLogger - skip non existing resourceDirectory C:\Users\usuario\Desktop\2º DAW Miguel\DWES\ToolSuiteProjects\PracticaGuiada\src\main\resources
2020-11-24 12:40:06,327 [Worker-18: Building] INFO  o.e.m.c.i.embedder.EclipseLogger - Using 'UTF-8' encoding to copy filtered resources.
2020-11-24 12:40:06,327 [Worker-18: Building] INFO  o.e.m.c.i.embedder.EclipseLogger - skip non existing resourceDirectory C:\Users\usuario\Desktop\2º DAW Miguel\DWES\ToolSuiteProjects\PracticaGuiada\src\test\resources
2020-11-24 12:40:17,334 [main] INFO  o.e.m2e.actions.ExecutePomAction - Creating new launch configuration
2020-11-24 12:40:26,956 [Worker-23: Launching PracticaGuiada] INFO  o.e.m.i.launch.MavenLaunchDelegate - C:\Users\usuario\Desktop\2º DAW Miguel\DWES\ToolSuiteProjects\PracticaGuiada
2020-11-24 12:40:26,957 [Worker-23: Launching PracticaGuiada] INFO  o.e.m.i.launch.MavenLaunchDelegate -  mvn -B clean compile package -Dstyle.color=always
2020-11-24 12:40:40,637 [Worker-12: Building] INFO  o.e.m.c.i.embedder.EclipseLogger - Using 'UTF-8' encoding to copy filtered resources.
2020-11-24 12:40:40,640 [Worker-12: Building] INFO  o.e.m.c.i.embedder.EclipseLogger - skip non existing resourceDirectory C:\Users\usuario\Desktop\2º DAW Miguel\DWES\ToolSuiteProjects\PracticaGuiada\src\main\resources
2020-11-24 12:40:40,643 [Worker-12: Building] INFO  o.e.m.c.i.embedder.EclipseLogger - Using 'UTF-8' encoding to copy filtered resources.
2020-11-24 12:40:40,643 [Worker-12: Building] INFO  o.e.m.c.i.embedder.EclipseLogger - skip non existing resourceDirectory C:\Users\usuario\Desktop\2º DAW Miguel\DWES\ToolSuiteProjects\PracticaGuiada\src\test\resources
2020-11-24 12:43:08,767 [Worker-19: Building] ERROR o.e.m.c.i.p.r.ProjectRegistryManager - Could not read pom.xml
org.eclipse.core.runtime.CoreException: Could not read pom.xml
	at org.eclipse.m2e.core.internal.embedder.MavenImpl.readModel(MavenImpl.java:560)
	at org.eclipse.m2e.core.internal.project.registry.ProjectRegistryManager.refreshPhase2(ProjectRegistryManager.java:562)
	at org.eclipse.m2e.core.internal.project.registry.ProjectRegistryManager.refresh(ProjectRegistryManager.java:518)
	at org.eclipse.m2e.core.internal.project.registry.ProjectRegistryManager.refresh(ProjectRegistryManager.java:364)
	at org.eclipse.m2e.core.internal.project.registry.ProjectRegistryManager.refresh(ProjectRegistryManager.java:315)
	at org.eclipse.m2e.core.internal.builder.MavenBuilder$BuildMethod.getProjectFacade(MavenBuilder.java:151)
	at org.eclipse.m2e.core.internal.builder.MavenBuilder$BuildMethod.lambda$0(MavenBuilder.java:89)
	at org.eclipse.m2e.core.internal.embedder.MavenExecutionContext.executeBare(MavenExecutionContext.java:179)
	at org.eclipse.m2e.core.internal.embedder.MavenExecutionContext.execute(MavenExecutionContext.java:153)
	at org.eclipse.m2e.core.internal.embedder.MavenExecutionContext.execute(MavenExecutionContext.java:101)
	at org.eclipse.m2e.core.internal.builder.MavenBuilder$BuildMethod.execute(MavenBuilder.java:88)
	at org.eclipse.m2e.core.internal.builder.MavenBuilder.build(MavenBuilder.java:197)
	at org.eclipse.core.internal.events.BuildManager$2.run(BuildManager.java:832)
	at org.eclipse.core.runtime.SafeRunner.run(SafeRunner.java:45)
	at org.eclipse.core.internal.events.BuildManager.basicBuild(BuildManager.java:220)
	at org.eclipse.core.internal.events.BuildManager.basicBuild(BuildManager.java:263)
	at org.eclipse.core.internal.events.BuildManager$1.run(BuildManager.java:316)
	at org.eclipse.core.runtime.SafeRunner.run(SafeRunner.java:45)
	at org.eclipse.core.internal.events.BuildManager.basicBuild(BuildManager.java:319)
	at org.eclipse.core.internal.events.BuildManager.basicBuildLoop(BuildManager.java:371)
	at org.eclipse.core.internal.events.BuildManager.build(BuildManager.java:392)
	at org.eclipse.core.internal.events.AutoBuildJob.doBuild(AutoBuildJob.java:154)
	at org.eclipse.core.internal.events.AutoBuildJob.run(AutoBuildJob.java:244)
	at org.eclipse.core.internal.jobs.Worker.run(Worker.java:63)
Caused by: org.apache.maven.model.io.ModelParseException: only whitespace content allowed before start tag and not ? (position: START_DOCUMENT seen ?... @1:1) 
	at org.apache.maven.model.io.DefaultModelReader.read(DefaultModelReader.java:117)
	at org.apache.maven.model.io.DefaultModelReader.read(DefaultModelReader.java:85)
	at org.eclipse.m2e.core.internal.embedder.MavenImpl.readModel(MavenImpl.java:558)
	... 23 common frames omitted
Caused by: org.codehaus.plexus.util.xml.pull.XmlPullParserException: only whitespace content allowed before start tag and not ? (position: START_DOCUMENT seen ?... @1:1) 
	at org.codehaus.plexus.util.xml.pull.MXParser.parseProlog(MXParser.java:1865)
	at org.codehaus.plexus.util.xml.pull.MXParser.nextImpl(MXParser.java:1700)
	at org.codehaus.plexus.util.xml.pull.MXParser.next(MXParser.java:1319)
	at org.apache.maven.model.io.xpp3.MavenXpp3Reader.read(MavenXpp3Reader.java:3876)
	at org.apache.maven.model.io.xpp3.MavenXpp3Reader.read(MavenXpp3Reader.java:595)
	at org.apache.maven.model.io.DefaultModelReader.read(DefaultModelReader.java:112)
	... 25 common frames omitted
2020-11-24 12:43:11,684 [Worker-25: Building] INFO  o.e.m.c.i.l.LifecycleMappingFactory - Using org.maven.ide.eclipse.wtp.WarLifecycleMapping lifecycle mapping for MavenProject: Guiada:PracticaGuiada:1.0 @ C:\Users\usuario\Desktop\2º DAW Miguel\DWES\ToolSuiteProjects\PracticaGuiada\pom.xml.
2020-11-24 12:43:12,439 [Worker-25: Building] INFO  o.e.m.c.i.embedder.EclipseLogger - Using 'UTF-8' encoding to copy filtered resources.
2020-11-24 12:43:12,439 [Worker-25: Building] INFO  o.e.m.c.i.embedder.EclipseLogger - skip non existing resourceDirectory C:\Users\usuario\Desktop\2º DAW Miguel\DWES\ToolSuiteProjects\PracticaGuiada\src\main\resources
2020-11-24 12:43:12,441 [Worker-25: Building] INFO  o.e.m.c.i.embedder.EclipseLogger - Using 'UTF-8' encoding to copy filtered resources.
2020-11-24 12:43:12,442 [Worker-25: Building] INFO  o.e.m.c.i.embedder.EclipseLogger - skip non existing resourceDirectory C:\Users\usuario\Desktop\2º DAW Miguel\DWES\ToolSuiteProjects\PracticaGuiada\src\test\resources
2020-11-24 12:43:12,443 [Worker-25: Building] INFO  o.e.m.w.i.f.ResourceFilteringBuildParticipant - Changed resources require a complete clean of filtered resources of PracticaGuiada
2020-11-24 12:43:12,444 [Worker-25: Building] INFO  o.e.m.w.i.f.ResourceFilteringBuildParticipant - Executing resource filtering for PracticaGuiada
2020-11-24 12:43:12,449 [Worker-25: Building] INFO  o.e.m.c.i.embedder.EclipseLogger - Using 'UTF-8' encoding to copy filtered resources.
2020-11-24 12:43:12,831 [Worker-12: Building] INFO  o.e.m.c.i.embedder.EclipseLogger - Using 'UTF-8' encoding to copy filtered resources.
2020-11-24 12:43:12,831 [Worker-12: Building] INFO  o.e.m.c.i.embedder.EclipseLogger - skip non existing resourceDirectory C:\Users\usuario\Desktop\2º DAW Miguel\DWES\ToolSuiteProjects\PracticaGuiada\src\main\resources
2020-11-24 12:43:12,832 [Worker-12: Building] INFO  o.e.m.c.i.embedder.EclipseLogger - Using 'UTF-8' encoding to copy filtered resources.
2020-11-24 12:43:12,832 [Worker-12: Building] INFO  o.e.m.c.i.embedder.EclipseLogger - skip non existing resourceDirectory C:\Users\usuario\Desktop\2º DAW Miguel\DWES\ToolSuiteProjects\PracticaGuiada\src\test\resources
